<?xml version="1.0" encoding="UTF-8"?>
<!-- Generated by org.testng.reporters.JUnitReportReporter -->
<testsuite hostname="DATNGUYEN" name="com.websystique.springmvc.service.EmployeeServiceImplTest" tests="7" failures="0" timestamp="1 Jun 2017 11:34:24 GMT" time="0.003" errors="0">
  <testcase name="deleteEmployeeBySsn" time="0.000" classname="com.websystique.springmvc.service.EmployeeServiceImplTest"/>
  <testcase name="updateEmployee" time="0.002" classname="com.websystique.springmvc.service.EmployeeServiceImplTest"/>
  <testcase name="findById" time="0.001" classname="com.websystique.springmvc.service.EmployeeServiceImplTest"/>
  <testcase name="findAllEmployees" time="0.000" classname="com.websystique.springmvc.service.EmployeeServiceImplTest"/>
  <testcase name="isEmployeeSsnUnique" time="0.000" classname="com.websystique.springmvc.service.EmployeeServiceImplTest"/>
  <testcase name="saveEmployee" time="0.000" classname="com.websystique.springmvc.service.EmployeeServiceImplTest"/>
  <testcase name="findEmployeeBySsn" time="0.000" classname="com.websystique.springmvc.service.EmployeeServiceImplTest"/>
</testsuite> <!-- com.websystique.springmvc.service.EmployeeServiceImplTest -->
